[2013-09-06 13:22:21] START
[2013-09-06 13:24:36] CREATE bmr.py: 0
[2013-09-06 13:45:24] EDIT fitness/controllers/bmr.py: -1
[2013-09-06 13:58:39] EDIT fitness/controllers/bmr.py: 6
[2013-09-06 13:58:41] EDIT fitness/controllers/bmr.py: 0
[2013-09-06 14:00:16] EDIT fitness/controllers/bmr.py: 1
[2013-09-06 14:00:42] EDIT fitness/controllers/bmr.py: 0
[2013-09-06 14:01:04] EDIT fitness/controllers/bmr.py: 0
[2013-09-06 14:05:37] EDIT fitness/controllers/bmr.py: 1
[2013-09-06 14:05:51] EDIT fitness/controllers/bmr.py: 0
[2013-09-06 14:08:23] EDIT fitness/modules/__init__.py: 21
[2013-09-06 14:08:31] EDIT fitness/modules/__init__.py: 0
[2013-09-06 14:08:53] EDIT fitness/modules/__init__.py: 0
[2013-09-06 14:09:17] EDIT fitness/modules/__init__.py: 0
[2013-09-06 14:09:33] EDIT fitness/modules/__init__.py: 0
[2013-09-06 14:10:26] EDIT fitness/modules/__init__.py: -1
[2013-09-06 14:10:29] EDIT fitness/modules/__init__.py: 0
[2013-09-06 14:10:55] EDIT fitness/modules/__init__.py: -1
[2013-09-06 14:11:08] EDIT fitness/modules/__init__.py: 0
[2013-09-06 14:11:21] EDIT fitness/modules/__init__.py: 0
[2013-09-06 14:12:13] EDIT fitness/modules/__init__.py: 0
[2013-09-06 14:12:38] EDIT fitness/modules/__init__.py: 0
[2013-09-06 14:12:47] EDIT fitness/modules/__init__.py: 0
[2013-09-06 14:14:20] EDIT fitness/modules/__init__.py: 1
[2013-09-06 14:14:32] EDIT fitness/modules/__init__.py: 0
[2013-09-06 14:14:55] EDIT fitness/modules/__init__.py: -1
[2013-09-06 14:15:03] EDIT fitness/modules/__init__.py: -1
[2013-09-06 14:15:40] EDIT fitness/modules/__init__.py: 0
[2013-09-06 14:16:00] EDIT fitness/modules/__init__.py: 0
[2013-09-06 14:18:55] EDIT fitness/controllers/bmr.py: 2
[2013-09-06 14:30:26] CREATE bmi.py: 0
[2013-09-06 14:32:27] EDIT fitness/controllers/bmi.py: 6
[2013-09-06 14:33:05] EDIT fitness/controllers/bmi.py: 0
[2013-09-06 14:34:13] EDIT fitness/controllers/bmi.py: 0
[2013-09-06 14:35:17] EDIT fitness/controllers/bmi.py: 0
[2013-09-06 14:36:00] EDIT fitness/controllers/bmi.py: 0
[2013-09-06 14:36:30] EDIT fitness/controllers/bmi.py: 0
[2013-09-06 14:36:44] EDIT fitness/controllers/bmi.py: 0
[2013-09-06 14:36:53] EDIT fitness/controllers/bmi.py: 0
[2013-09-06 14:37:15] EDIT fitness/controllers/bmi.py: 0
[2013-09-06 14:37:25] EDIT fitness/controllers/bmi.py: 0
[2013-09-06 14:37:49] EDIT fitness/controllers/bmi.py: 0
[2013-09-06 14:38:19] EDIT fitness/controllers/bmi.py: -1
[2013-09-06 14:38:35] EDIT fitness/controllers/bmi.py: 0
[2013-09-06 14:38:59] EDIT fitness/controllers/bmi.py: 0
[2013-09-06 14:39:06] EDIT fitness/controllers/bmi.py: 0
[2013-09-06 14:39:14] EDIT fitness/controllers/bmi.py: 0
[2013-09-06 14:39:27] EDIT fitness/controllers/bmi.py: 0
[2013-09-06 14:39:54] EDIT fitness/controllers/bmi.py: 0
[2013-09-06 14:40:06] EDIT fitness/controllers/bmi.py: 0
[2013-09-06 14:40:14] EDIT fitness/controllers/bmi.py: 0
[2013-09-06 14:40:22] EDIT fitness/controllers/bmi.py: 0
[2013-09-06 14:41:05] EDIT fitness/controllers/bmi.py: 0
[2013-09-06 14:41:26] EDIT fitness/controllers/bmi.py: 0
[2013-09-06 14:41:48] EDIT fitness/controllers/bmi.py: 0
[2013-09-06 14:43:07] EDIT fitness/controllers/bmi.py: 0
[2013-09-06 14:43:14] EDIT fitness/controllers/bmi.py: 0
[2013-09-06 14:43:23] EDIT fitness/controllers/bmi.py: 0
[2013-09-06 14:43:43] EDIT fitness/controllers/bmi.py: 1
[2013-09-06 14:43:53] EDIT fitness/controllers/bmi.py: 0
[2013-09-06 14:43:57] EDIT fitness/controllers/bmi.py: 0
[2013-09-06 14:46:20] EDIT fitness/controllers/bmi.py: 0
[2013-09-06 14:46:50] EDIT fitness/controllers/bmi.py: 0
[2013-09-06 14:46:58] EDIT fitness/controllers/bmi.py: 1
[2013-09-06 14:54:28] EDIT fitness/controllers/bmi.py: 0
[2013-09-06 14:54:36] EDIT fitness/controllers/bmi.py: 0
[2013-09-06 14:54:53] EDIT fitness/controllers/bmi.py: -1
[2013-09-06 14:57:36] EDIT fitness/controllers/bmi.py: 0
[2013-09-06 14:57:49] EDIT fitness/controllers/bmi.py: 0
[2013-09-06 15:02:01] EDIT fitness/controllers/bmi.py: 0
[2013-09-06 15:05:08] EDIT fitness/controllers/bmi.py: 0
[2013-09-06 15:05:13] EDIT fitness/controllers/bmi.py: 0
[2013-09-06 15:09:49] EDIT fitness/controllers/bmi.py: 0
[2013-09-06 15:10:55] EDIT fitness/controllers/bmi.py: 0
[2013-09-06 15:13:33] CREATE function_calculators.py: 0
[2013-09-06 15:14:14] EDIT fitness/models/function_calculators.py: 18
[2013-09-06 15:15:10] EDIT fitness/models/function_calculators.py: 0
[2013-09-06 15:16:19] EDIT fitness/controllers/bmi.py: 1
[2013-09-06 15:17:04] EDIT fitness/models/function_calculators.py: 1
[2013-09-06 15:17:19] EDIT fitness/models/function_calculators.py: 1
[2013-09-06 15:18:12] EDIT fitness/models/function_calculators.py: 0
[2013-09-06 15:18:27] EDIT fitness/models/function_calculators.py: -1
[2013-09-06 15:19:19] EDIT fitness/models/function_calculators.py: 0
[2013-09-06 15:19:35] EDIT fitness/controllers/bmi.py: 0
[2013-09-06 15:20:09] EDIT fitness/models/function_calculators.py: 0
[2013-09-06 15:20:12] EDIT fitness/models/function_calculators.py: 0
[2013-09-06 15:20:48] EDIT fitness/controllers/bmi.py: 0
[2013-09-06 15:21:46] EDIT fitness/controllers/bmi.py: 0
[2013-09-06 15:22:19] EDIT fitness/controllers/bmi.py: 0
[2013-09-06 15:23:30] EDIT fitness/models/function_calculators.py: 1
[2013-09-06 15:23:38] EDIT fitness/models/function_calculators.py: 0
[2013-09-06 15:23:58] EDIT fitness/models/function_calculators.py: 1
[2013-09-06 15:24:17] EDIT fitness/models/function_calculators.py: 0
[2013-09-06 15:25:02] EDIT fitness/models/function_calculators.py: 0
[2013-09-06 15:44:11] EDIT fitness/controllers/bmi.py: 0
[2013-09-06 15:44:38] EDIT fitness/models/function_calculators.py: 1
[2013-09-06 15:44:50] EDIT fitness/models/function_calculators.py: 0
[2013-09-06 15:48:32] EDIT fitness/models/function_calculators.py: 0
[2013-09-06 16:32:57] EDIT fitness/controllers/bmi.py: 1
[2013-09-06 16:33:11] EDIT fitness/controllers/bmi.py: 0
[2013-09-06 16:33:32] EDIT fitness/controllers/bmi.py: 0
[2013-09-06 16:33:58] EDIT fitness/controllers/bmi.py: 0
[2013-09-06 16:34:16] EDIT fitness/controllers/bmi.py: 0
[2013-09-06 16:34:26] EDIT fitness/controllers/bmi.py: 0
[2013-09-06 16:36:39] EDIT fitness/controllers/bmr.py: -1
[2013-09-06 16:38:13] EDIT fitness/controllers/bmr.py: 0
[2013-09-06 16:38:24] EDIT fitness/controllers/bmr.py: 0
[2013-09-06 16:40:45] EDIT fitness/controllers/bmr.py: 0
[2013-09-06 16:41:01] EDIT fitness/controllers/bmr.py: 0
[2013-09-06 16:41:23] EDIT fitness/controllers/bmr.py: 0
[2013-09-06 16:42:58] EDIT fitness/controllers/bmi.py: 0
[2013-09-06 16:43:19] EDIT fitness/controllers/bmr.py: 0
[2013-09-06 16:43:27] EDIT fitness/controllers/bmr.py: 0
[2013-09-06 16:43:36] EDIT fitness/controllers/bmr.py: 0
[2013-09-06 16:45:46] EDIT fitness/controllers/bmr.py: 0
[2013-09-06 19:35:17] EDIT fitness/controllers/bmi.py: 0
[2013-09-06 19:35:23] EDIT fitness/controllers/bmr.py: 0
[2013-09-06 19:35:25] EDIT fitness/controllers/bmr.py: 0
[2013-09-06 19:50:38] EDIT fitness/controllers/bmr.py: 0
[2013-09-06 19:51:31] EDIT fitness/controllers/bmi.py: 0
[2013-09-06 19:51:57] EDIT fitness/controllers/bmi.py: 0
[2013-09-06 20:09:21] CREATE bmi_calculator.html: 0
[2013-09-06 20:10:15] EDIT fitness/views/bmi_calculator.html: 0
[2013-09-06 20:16:53] EDIT fitness/views/bmi_calculator.html: 0
[2013-09-06 20:16:55] EDIT fitness/views/bmi_calculator.html: 0
[2013-09-06 20:17:29] EDIT fitness/views/bmi_calculator.html: 0
[2013-09-06 23:54:48] EDIT fitness/views/bmi_calculator.html: 0
[2013-09-07 00:14:18] EDIT fitness/models/function_calculators.py: 0
[2013-09-07 00:14:29] EDIT fitness/models/function_calculators.py: 0
[2013-09-07 00:15:25] EDIT fitness/controllers/bmi.py: 2
[2013-09-07 00:15:54] EDIT fitness/views/bmi_calculator.html: 7
[2013-09-07 00:15:56] EDIT fitness/views/bmi_calculator.html: 0
[2013-09-07 00:16:44] EDIT fitness/controllers/bmi.py: 0
[2013-09-07 00:18:30] EDIT fitness/views/bmi_calculator.html: 0
[2013-09-07 00:20:19] CREATE default/bmi_calculator.html: 0
[2013-09-07 00:22:15] EDIT fitness/views/default/bmi_calculator.html: 7
[2013-09-07 00:22:28] DELETE fitness/views/bmi_calculator.html: -10
[2013-09-07 00:22:36] EDIT fitness/views/default/bmi_calculator.html: 0
[2013-09-07 00:24:38] EDIT fitness/controllers/bmi.py: 1
[2013-09-07 00:25:18] EDIT fitness/views/default/bmi_calculator.html: 1
[2013-09-07 00:25:58] EDIT fitness/views/default/bmi_calculator.html: 0
[2013-09-07 00:26:31] EDIT fitness/views/default/bmi_calculator.html: -1
[2013-09-07 00:28:34] EDIT fitness/controllers/bmi.py: 0
[2013-09-07 00:29:38] CREATE bmi/bmi_calculator.html: 0
[2013-09-07 00:30:08] EDIT fitness/views/bmi/bmi_calculator.html: 7
[2013-09-07 00:30:40] DELETE fitness/views/default/bmi_calculator.html: -10
[2013-09-07 00:33:27] EDIT fitness/views/bmi/bmi_calculator.html: 0
[2013-09-07 00:34:31] EDIT fitness/views/bmi/bmi_calculator.html: 0
[2013-09-07 00:34:40] EDIT fitness/views/bmi/bmi_calculator.html: 0
[2013-09-07 00:35:17] EDIT fitness/views/bmi/bmi_calculator.html: 1
[2013-09-07 00:36:02] EDIT fitness/views/bmi/bmi_calculator.html: 0
[2013-09-07 00:36:30] EDIT fitness/views/bmi/bmi_calculator.html: 0
[2013-09-07 00:39:22] EDIT fitness/controllers/bmi.py: 6
[2013-09-07 00:39:36] EDIT fitness/controllers/bmi.py: 0
[2013-09-07 00:40:30] EDIT fitness/views/bmi/bmi_calculator.html: -2
[2013-09-07 00:40:47] EDIT fitness/views/bmi/bmi_calculator.html: 0
[2013-09-07 00:40:59] EDIT fitness/controllers/bmi.py: 0
[2013-09-07 00:42:41] EDIT fitness/controllers/bmi.py: 2
[2013-09-07 00:42:47] EDIT fitness/controllers/bmi.py: 0
[2013-09-07 00:44:39] EDIT fitness/controllers/bmi.py: 0
[2013-09-07 00:47:41] EDIT fitness/controllers/bmi.py: 1
[2013-09-07 00:47:50] EDIT fitness/controllers/bmi.py: 0
[2013-09-07 00:48:02] EDIT fitness/controllers/bmi.py: 0
[2013-09-07 00:49:01] EDIT fitness/controllers/bmi.py: 1
[2013-09-07 00:50:17] EDIT fitness/controllers/bmi.py: 0
[2013-09-07 00:51:21] EDIT fitness/controllers/bmi.py: 1
[2013-09-07 00:51:39] EDIT fitness/controllers/bmi.py: 0
[2013-09-07 00:52:50] EDIT fitness/controllers/bmi.py: 0
[2013-09-07 00:53:03] EDIT fitness/controllers/bmi.py: 0
[2013-09-07 00:54:11] EDIT fitness/controllers/bmi.py: 0
[2013-09-07 00:55:29] EDIT fitness/controllers/bmi.py: 0
[2013-09-07 00:56:58] EDIT fitness/views/bmi/bmi_calculator.html: 0
[2013-09-07 00:57:00] EDIT fitness/views/bmi/bmi_calculator.html: 0
[2013-09-07 00:57:44] EDIT fitness/controllers/bmi.py: 0
[2013-09-07 00:59:11] EDIT fitness/controllers/bmi.py: 0
[2013-09-07 00:59:54] EDIT fitness/controllers/bmi.py: 0
[2013-09-07 01:00:35] EDIT fitness/controllers/bmi.py: 0
[2013-09-07 01:01:16] EDIT fitness/controllers/bmi.py: 0
[2013-09-07 01:01:18] EDIT fitness/controllers/bmi.py: 0
[2013-09-07 01:02:35] EDIT fitness/controllers/bmi.py: 0
[2013-09-07 01:03:01] EDIT fitness/controllers/bmi.py: 0
[2013-09-07 01:04:08] EDIT fitness/controllers/bmi.py: 0
[2013-09-07 01:04:53] EDIT fitness/controllers/bmi.py: 0
[2013-09-07 01:05:33] EDIT fitness/controllers/bmi.py: 0
[2013-09-07 01:06:29] EDIT fitness/controllers/bmi.py: 0
[2013-09-07 01:06:31] EDIT fitness/controllers/bmi.py: 0
[2013-09-07 01:07:35] EDIT fitness/views/bmi/bmi_calculator.html: -4
[2013-09-07 01:07:48] EDIT fitness/views/bmi/bmi_calculator.html: -1
[2013-09-07 01:09:10] EDIT fitness/views/bmi/bmi_calculator.html: 1
[2013-09-07 01:09:19] EDIT fitness/views/bmi/bmi_calculator.html: 0
[2013-09-07 01:11:11] EDIT fitness/controllers/bmi.py: -5
[2013-09-07 01:11:27] EDIT fitness/controllers/bmi.py: -1
[2013-09-07 01:15:36] EDIT fitness/controllers/bmi.py: 0
[2013-09-07 01:16:06] EDIT fitness/controllers/bmi.py: 0
[2013-09-07 01:16:08] EDIT fitness/controllers/bmi.py: 0
[2013-09-07 01:34:34] EDIT fitness/static/css/bootstrap.min.css: 0
[2013-09-07 01:35:14] EDIT fitness/static/css/bootstrap.min.css: 0
[2013-09-07 01:37:38] EDIT fitness/static/css/bootstrap.min.css: 0
[2013-09-07 01:38:01] EDIT fitness/static/css/bootstrap.min.css: 0
[2013-09-07 01:38:16] EDIT fitness/static/css/bootstrap.min.css: 0
[2013-09-07 01:40:23] EDIT fitness/static/css/bootstrap.min.css: 0
[2013-09-07 01:40:36] EDIT fitness/static/css/bootstrap.min.css: 0
[2013-09-07 01:42:13] EDIT fitness/controllers/bmi.py: 0
[2013-09-07 01:42:34] EDIT fitness/controllers/bmi.py: 0
[2013-09-07 01:43:05] EDIT fitness/controllers/bmi.py: 0
[2013-09-07 01:43:29] EDIT fitness/controllers/bmi.py: 0
[2013-09-07 01:43:30] EDIT fitness/controllers/bmi.py: 0
[2013-09-07 01:43:46] EDIT fitness/controllers/bmi.py: 0
[2013-09-07 01:44:24] EDIT fitness/controllers/bmi.py: 1
[2013-09-07 01:44:38] EDIT fitness/controllers/bmi.py: -1
[2013-09-07 09:36:03] CREATE css/fitness.css: 0
[2013-09-07 09:36:39] EDIT fitness/static/css/fitness.css: 6
[2013-09-07 09:37:25] EDIT fitness/views/bmi/bmi_calculator.html: 0
[2013-09-07 09:38:41] EDIT fitness/views/bmi/bmi_calculator.html: 6
[2013-09-07 09:38:52] EDIT fitness/views/bmi/bmi_calculator.html: 0
[2013-09-07 09:39:28] EDIT fitness/views/bmi/bmi_calculator.html: 0
[2013-09-07 09:39:43] EDIT fitness/views/bmi/bmi_calculator.html: 1
[2013-09-07 09:40:13] EDIT fitness/views/bmi/bmi_calculator.html: 0
[2013-09-07 09:41:20] EDIT fitness/views/bmi/bmi_calculator.html: 0
[2013-09-07 09:42:08] EDIT fitness/views/bmi/bmi_calculator.html: -1
[2013-09-07 09:42:57] EDIT fitness/views/bmi/bmi_calculator.html: 0
[2013-09-07 09:43:23] EDIT fitness/views/bmi/bmi_calculator.html: 0
[2013-09-07 09:44:39] EDIT fitness/views/bmi/bmi_calculator.html: 0
[2013-09-07 09:58:40] EDIT fitness/static/css/fitness.css: 6
[2013-09-07 09:58:53] EDIT fitness/views/bmi/bmi_calculator.html: 0
[2013-09-07 09:59:13] EDIT fitness/views/bmi/bmi_calculator.html: 0
[2013-09-07 09:59:31] EDIT fitness/views/bmi/bmi_calculator.html: 0
[2013-09-07 09:59:56] EDIT fitness/views/bmi/bmi_calculator.html: 0
[2013-09-07 09:59:58] EDIT fitness/views/bmi/bmi_calculator.html: 0
[2013-09-07 10:00:38] EDIT fitness/static/css/fitness.css: 1
[2013-09-07 10:05:06] EDIT fitness/views/bmi/bmi_calculator.html: 7
[2013-09-07 10:05:56] EDIT fitness/views/bmi/bmi_calculator.html: -3
[2013-09-07 10:06:58] EDIT fitness/views/bmi/bmi_calculator.html: 0
[2013-09-07 10:25:33] EDIT fitness/views/bmi/bmi_calculator.html: 0
[2013-09-07 10:25:35] EDIT fitness/views/bmi/bmi_calculator.html: 0
[2013-09-07 10:48:51] EDIT fitness/views/bmi/bmi_calculator.html: 0
[2013-09-07 12:56:32] EDIT fitness/views/bmi/bmi_calculator.html: 0
[2013-09-07 12:58:00] EDIT fitness/views/bmi/bmi_calculator.html: 0
[2013-09-07 12:59:18] EDIT fitness/views/bmi/bmi_calculator.html: 0
[2013-09-07 13:17:02] EDIT fitness/views/bmi/bmi_calculator.html: 0
[2013-09-07 13:17:11] EDIT fitness/views/bmi/bmi_calculator.html: 0
[2013-09-07 13:18:08] EDIT fitness/static/css/fitness.css: 0
[2013-09-07 13:18:38] EDIT fitness/static/css/fitness.css: 0
[2013-09-07 13:27:05] EDIT fitness/static/css/fitness.css: -1
[2013-09-07 13:27:32] EDIT fitness/static/css/fitness.css: 0
[2013-09-07 13:27:36] EDIT fitness/views/bmi/bmi_calculator.html: 0
[2013-09-07 13:33:06] EDIT fitness/static/css/fitness.css: 0
[2013-09-07 13:44:08] EDIT fitness/static/css/fitness.css: -6
[2013-09-07 13:44:31] EDIT fitness/views/bmi/bmi_calculator.html: 0
[2013-09-07 13:44:32] EDIT fitness/views/bmi/bmi_calculator.html: 0
[2013-09-07 13:44:44] EDIT fitness/controllers/bmi.py: 0
[2013-09-07 13:47:22] EDIT fitness/static/css/fitness.css: 2
[2013-09-07 13:47:33] EDIT fitness/static/css/fitness.css: 0
[2013-09-07 13:50:48] EDIT fitness/views/bmi/bmi_calculator.html: -3
[2013-09-07 13:51:17] EDIT fitness/controllers/bmi.py: 0
[2013-09-07 14:02:50] EDIT fitness/views/bmi/bmi_calculator.html: 5
[2013-09-07 14:04:02] EDIT fitness/views/bmi/bmi_calculator.html: 0
[2013-09-07 14:05:11] EDIT fitness/controllers/bmi.py: 0
[2013-09-07 14:20:04] EDIT fitness/controllers/bmi.py: 1
[2013-09-07 14:20:35] EDIT fitness/controllers/bmi.py: 0
[2013-09-07 14:22:36] EDIT fitness/controllers/bmi.py: 0
[2013-09-07 14:23:32] EDIT fitness/views/bmi/bmi_calculator.html: 0
[2013-09-07 14:24:21] EDIT fitness/views/bmi/bmi_calculator.html: 0
[2013-09-07 14:25:21] EDIT fitness/views/bmi/bmi_calculator.html: -3
[2013-09-07 14:25:26] EDIT fitness/views/bmi/bmi_calculator.html: 0
[2013-09-07 14:27:58] EDIT fitness/views/bmi/bmi_calculator.html: -2
[2013-09-07 14:27:58] EDIT fitness/views/bmi/bmi_calculator.html: 0
[2013-09-07 14:27:59] EDIT fitness/views/bmi/bmi_calculator.html: 0
[2013-09-07 14:35:53] EDIT fitness/views/bmi/bmi_calculator.html: 0
[2013-09-07 14:42:24] EDIT fitness/views/bmi/bmi_calculator.html: 7
[2013-09-07 14:42:39] EDIT fitness/views/bmi/bmi_calculator.html: -1
[2013-09-07 14:42:57] EDIT fitness/controllers/bmi.py: -1
[2013-09-07 14:43:11] EDIT fitness/controllers/bmi.py: 0
[2013-09-07 14:46:56] EDIT fitness/views/bmi/bmi_calculator.html: 0
[2013-09-07 14:47:03] EDIT fitness/views/bmi/bmi_calculator.html: 0
[2013-09-07 14:47:04] EDIT fitness/views/bmi/bmi_calculator.html: 0
[2013-09-07 14:47:08] EDIT fitness/views/bmi/bmi_calculator.html: 0
[2013-09-07 14:48:23] EDIT fitness/views/bmi/bmi_calculator.html: -6
[2013-09-07 14:48:27] EDIT fitness/views/bmi/bmi_calculator.html: 0
[2013-09-07 14:54:36] EDIT fitness/views/bmi/bmi_calculator.html: 1
[2013-09-07 14:55:31] EDIT fitness/views/bmi/bmi_calculator.html: -1
[2013-09-07 14:56:46] EDIT fitness/controllers/bmi.py: 1
[2013-09-07 14:58:09] EDIT fitness/views/bmi/bmi_calculator.html: 4
[2013-09-07 14:58:15] EDIT fitness/views/bmi/bmi_calculator.html: 0
[2013-09-07 14:58:29] EDIT fitness/views/bmi/bmi_calculator.html: -2
[2013-09-07 15:01:27] EDIT fitness/views/bmi/bmi_calculator.html: 0
[2013-09-07 15:01:28] EDIT fitness/views/bmi/bmi_calculator.html: 0
[2013-09-07 15:02:49] EDIT fitness/views/bmi/bmi_calculator.html: 0
[2013-09-07 15:03:11] EDIT fitness/views/bmi/bmi_calculator.html: 1
[2013-09-07 15:04:13] EDIT fitness/views/bmi/bmi_calculator.html: 0
[2013-09-07 15:04:18] EDIT fitness/controllers/bmi.py: 0
[2013-09-07 15:05:04] EDIT fitness/views/bmi/bmi_calculator.html: -1
[2013-09-07 15:05:11] EDIT fitness/views/bmi/bmi_calculator.html: 0
[2013-09-07 15:05:41] EDIT fitness/views/bmi/bmi_calculator.html: 0
[2013-09-07 15:06:26] EDIT fitness/views/bmi/bmi_calculator.html: 0
[2013-09-07 15:06:27] EDIT fitness/views/bmi/bmi_calculator.html: 0
[2013-09-07 15:06:28] EDIT fitness/views/bmi/bmi_calculator.html: 0
[2013-09-07 15:07:09] EDIT fitness/controllers/bmi.py: 0
[2013-09-07 15:07:10] EDIT fitness/controllers/bmi.py: 0
[2013-09-07 15:07:11] EDIT fitness/controllers/bmi.py: 0
[2013-09-07 15:07:41] EDIT fitness/views/bmi/bmi_calculator.html: 0
[2013-09-07 15:07:43] EDIT fitness/views/bmi/bmi_calculator.html: 0
[2013-09-07 15:09:20] EDIT fitness/controllers/bmi.py: 0
[2013-09-07 15:09:21] EDIT fitness/controllers/bmi.py: 0
[2013-09-07 15:10:11] EDIT fitness/views/bmi/bmi_calculator.html: 3
[2013-09-07 15:11:41] EDIT fitness/views/bmi/bmi_calculator.html: -2
[2013-09-07 15:12:06] EDIT fitness/views/bmi/bmi_calculator.html: -1
[2013-09-07 15:38:58] EDIT fitness/controllers/bmi.py: 1
[2013-09-07 15:39:20] EDIT fitness/controllers/bmi.py: 2
[2013-09-07 15:40:13] EDIT fitness/controllers/bmi.py: 2
[2013-09-07 15:40:17] EDIT fitness/controllers/bmi.py: 0
[2013-09-07 15:41:29] EDIT fitness/controllers/bmi.py: 0
[2013-09-07 15:41:56] EDIT fitness/controllers/bmi.py: 0
[2013-09-07 15:41:57] EDIT fitness/controllers/bmi.py: 0
[2013-09-07 15:45:57] EDIT fitness/controllers/bmi.py: 1
[2013-09-07 15:45:58] EDIT fitness/controllers/bmi.py: 0
[2013-09-07 15:46:28] EDIT fitness/controllers/bmi.py: 0
[2013-09-07 15:46:34] EDIT fitness/controllers/bmi.py: 0
[2013-09-07 15:47:14] EDIT fitness/controllers/bmi.py: 0
[2013-09-07 15:47:24] EDIT fitness/controllers/bmi.py: 0
[2013-09-07 15:47:28] EDIT fitness/controllers/bmi.py: 0
[2013-09-07 15:50:53] EDIT fitness/controllers/bmi.py: 0
[2013-09-07 15:50:55] EDIT fitness/controllers/bmi.py: 0
[2013-09-07 15:52:55] EDIT fitness/controllers/bmi.py: 0
[2013-09-07 15:52:56] EDIT fitness/controllers/bmi.py: 0
[2013-09-07 15:54:44] EDIT fitness/controllers/bmi.py: 0
[2013-09-07 15:56:04] EDIT fitness/controllers/bmi.py: 1
[2013-09-07 15:56:05] EDIT fitness/controllers/bmi.py: 0
[2013-09-07 15:56:46] EDIT fitness/views/bmi/bmi_calculator.html: 1
[2013-09-07 15:57:11] EDIT fitness/views/bmi/bmi_calculator.html: 1
[2013-09-07 15:58:14] EDIT fitness/controllers/bmi.py: -1
[2013-09-07 16:00:33] EDIT fitness/views/bmi/bmi_calculator.html: -2
[2013-09-07 16:00:34] EDIT fitness/views/bmi/bmi_calculator.html: 0
[2013-09-07 16:01:06] EDIT fitness/controllers/bmi.py: 0
[2013-09-07 16:01:12] EDIT fitness/controllers/bmi.py: 0
[2013-09-07 16:01:17] EDIT fitness/controllers/bmi.py: 0
[2013-09-07 16:01:17] EDIT fitness/controllers/bmi.py: 0
[2013-09-07 16:02:54] EDIT fitness/controllers/bmi.py: 0
[2013-09-07 16:02:55] EDIT fitness/controllers/bmi.py: 0
[2013-09-07 16:07:07] EDIT fitness/controllers/bmi.py: 1
[2013-09-07 16:07:10] EDIT fitness/controllers/bmi.py: 0
[2013-09-07 16:08:47] EDIT fitness/controllers/bmi.py: 0
[2013-09-07 16:08:52] EDIT fitness/controllers/bmi.py: 0
[2013-09-07 16:09:52] EDIT fitness/controllers/bmi.py: 1
[2013-09-07 16:09:54] EDIT fitness/controllers/bmi.py: 0
[2013-09-07 16:10:06] EDIT fitness/controllers/bmi.py: 0
[2013-09-07 16:10:53] EDIT fitness/controllers/bmi.py: -1
[2013-09-07 16:10:54] EDIT fitness/controllers/bmi.py: 0
[2013-09-07 16:11:28] EDIT fitness/controllers/bmi.py: 0
[2013-09-07 16:11:34] EDIT fitness/controllers/bmi.py: 0
[2013-09-07 16:17:48] EDIT fitness/views/bmi/bmi_calculator.html: 1
[2013-09-07 16:18:32] EDIT fitness/views/bmi/bmi_calculator.html: 0
[2013-09-07 16:18:33] EDIT fitness/views/bmi/bmi_calculator.html: 0
[2013-09-07 16:18:57] EDIT fitness/controllers/bmi.py: -2
[2013-09-07 16:18:58] EDIT fitness/controllers/bmi.py: 0
[2013-09-07 16:18:59] EDIT fitness/controllers/bmi.py: 0
[2013-09-07 16:34:28] EDIT fitness/controllers/bmi.py: 0
[2013-09-07 16:34:57] EDIT fitness/controllers/bmi.py: 0
[2013-09-07 16:35:26] EDIT fitness/views/bmi/bmi_calculator.html: 1
[2013-09-07 16:35:39] EDIT fitness/controllers/bmi.py: 0
[2013-09-07 16:35:40] EDIT fitness/controllers/bmi.py: 0
[2013-09-07 16:35:49] EDIT fitness/controllers/bmi.py: 0
[2013-09-07 16:35:50] EDIT fitness/controllers/bmi.py: 0
[2013-09-07 16:35:51] EDIT fitness/controllers/bmi.py: 0
[2013-09-07 16:36:49] EDIT fitness/views/bmi/bmi_calculator.html: -2
[2013-09-07 16:39:40] EDIT fitness/controllers/bmi.py: 2
[2013-09-07 16:40:13] EDIT fitness/controllers/bmi.py: 0
[2013-09-07 16:40:40] EDIT fitness/controllers/bmi.py: 0
[2013-09-07 16:40:47] EDIT fitness/controllers/bmi.py: 0
[2013-09-07 16:41:22] EDIT fitness/controllers/bmi.py: 0
[2013-09-07 16:41:47] EDIT fitness/controllers/bmi.py: 0
[2013-09-07 16:42:02] EDIT fitness/controllers/bmi.py: 0
[2013-09-07 16:42:56] EDIT fitness/views/bmi/bmi_calculator.html: -2
[2013-09-07 16:44:29] EDIT fitness/views/bmi/bmi_calculator.html: -1
[2013-09-07 16:44:58] EDIT fitness/views/bmi/bmi_calculator.html: 0
[2013-09-07 16:48:55] EDIT fitness/controllers/bmi.py: 0
[2013-09-07 16:48:57] EDIT fitness/controllers/bmi.py: 0
[2013-09-07 16:50:13] EDIT fitness/views/bmi/bmi_calculator.html: -1
[2013-09-07 16:51:41] EDIT fitness/controllers/bmi.py: 1
[2013-09-07 16:51:57] EDIT fitness/controllers/bmi.py: 0
[2013-09-07 16:51:58] EDIT fitness/controllers/bmi.py: 0
[2013-09-07 16:53:35] EDIT fitness/controllers/bmi.py: 0
[2013-09-07 16:54:08] EDIT fitness/controllers/bmi.py: 0
[2013-09-07 16:57:51] EDIT fitness/views/bmi/bmi_calculator.html: 0
[2013-09-07 16:57:52] EDIT fitness/views/bmi/bmi_calculator.html: 0
[2013-09-07 16:59:11] EDIT fitness/controllers/bmi.py: 0
[2013-09-07 16:59:50] EDIT fitness/controllers/bmi.py: 0
[2013-09-07 16:59:52] EDIT fitness/controllers/bmi.py: 0
[2013-09-07 17:00:41] EDIT fitness/controllers/bmi.py: 1
[2013-09-07 17:22:37] EDIT fitness/views/bmi/bmi_calculator.html: 2
[2013-09-07 17:23:30] EDIT fitness/views/bmi/bmi_calculator.html: 0
[2013-09-07 17:27:40] EDIT fitness/views/bmi/bmi_calculator.html: 1
[2013-09-07 17:29:10] EDIT fitness/controllers/bmi.py: 1
[2013-09-07 17:30:11] EDIT fitness/views/bmi/bmi_calculator.html: 1
[2013-09-07 17:30:47] EDIT fitness/views/bmi/bmi_calculator.html: -1
[2013-09-07 17:31:05] EDIT fitness/views/bmi/bmi_calculator.html: 0
[2013-09-07 17:32:36] EDIT fitness/views/bmi/bmi_calculator.html: 1
[2013-09-07 17:37:39] EDIT fitness/views/bmi/bmi_calculator.html: -3
[2013-09-07 17:40:24] EDIT fitness/controllers/bmi.py: 0
[2013-09-07 17:41:07] EDIT fitness/views/bmi/bmi_calculator.html: 2
[2013-09-07 17:41:51] EDIT fitness/views/bmi/bmi_calculator.html: 0
[2013-09-07 17:43:02] EDIT fitness/views/bmi/bmi_calculator.html: 1
[2013-09-07 17:43:20] EDIT fitness/views/bmi/bmi_calculator.html: 0
[2013-09-07 17:43:20] EDIT fitness/views/bmi/bmi_calculator.html: 0
[2013-09-07 17:43:47] EDIT fitness/views/bmi/bmi_calculator.html: -2
[2013-09-07 17:43:48] EDIT fitness/views/bmi/bmi_calculator.html: 0
[2013-09-07 17:43:48] EDIT fitness/views/bmi/bmi_calculator.html: 0
[2013-09-07 17:43:59] EDIT fitness/views/bmi/bmi_calculator.html: 0
[2013-09-07 17:44:46] EDIT fitness/views/bmi/bmi_calculator.html: 0
[2013-09-07 17:44:47] EDIT fitness/views/bmi/bmi_calculator.html: 0
[2013-09-07 17:45:11] EDIT fitness/views/bmi/bmi_calculator.html: 0
[2013-09-07 17:45:12] EDIT fitness/views/bmi/bmi_calculator.html: 0
[2013-09-07 17:45:14] EDIT fitness/views/bmi/bmi_calculator.html: 0
[2013-09-07 17:45:15] EDIT fitness/views/bmi/bmi_calculator.html: 0
[2013-09-07 17:45:15] EDIT fitness/views/bmi/bmi_calculator.html: 0
[2013-09-07 17:45:15] EDIT fitness/views/bmi/bmi_calculator.html: 0
[2013-09-07 17:45:16] EDIT fitness/views/bmi/bmi_calculator.html: 0
[2013-09-07 17:46:33] EDIT fitness/views/bmi/bmi_calculator.html: -1
[2013-09-07 17:49:11] EDIT fitness/views/bmi/bmi_calculator.html: 1
[2013-09-07 17:49:12] EDIT fitness/views/bmi/bmi_calculator.html: 0
[2013-09-07 17:50:30] EDIT fitness/controllers/bmi.py: 0
[2013-09-08 13:47:07] EDIT fitness/controllers/bmi.py: 0
[2013-09-08 13:47:15] EDIT fitness/controllers/bmi.py: 0
[2013-09-08 13:47:54] EDIT fitness/controllers/bmi.py: 0
[2013-09-08 13:49:22] EDIT fitness/controllers/bmi.py: 0
[2013-09-08 13:50:09] EDIT fitness/controllers/bmi.py: 0
[2013-09-08 13:50:10] EDIT fitness/controllers/bmi.py: 0
[2013-09-08 13:50:46] EDIT fitness/controllers/bmi.py: 0
[2013-09-08 13:51:36] EDIT fitness/controllers/bmr.py: 13
[2013-09-08 13:52:16] EDIT fitness/controllers/bmr.py: 1
[2013-09-08 13:56:20] EDIT fitness/controllers/bmr.py: 0
[2013-09-08 13:58:11] EDIT fitness/controllers/bmr.py: 0
[2013-09-08 13:58:41] EDIT fitness/controllers/bmr.py: 0
[2013-09-08 13:59:35] EDIT fitness/controllers/bmr.py: 0
[2013-09-08 14:00:08] EDIT fitness/controllers/bmr.py: 0
[2013-09-08 14:00:10] EDIT fitness/controllers/bmr.py: 0
[2013-09-08 14:01:09] EDIT fitness/controllers/bmi.py: 0
[2013-09-08 14:01:38] EDIT fitness/controllers/bmi.py: 0
[2013-09-08 14:17:58] EDIT fitness/controllers/bmr.py: 4
[2013-09-08 14:18:34] EDIT fitness/controllers/bmr.py: -2
[2013-09-08 14:19:08] EDIT fitness/controllers/bmr.py: 0
[2013-09-08 14:19:15] EDIT fitness/controllers/bmr.py: 0
[2013-09-08 14:20:03] CREATE bmr/bmr_calculator.hrml: 0
[2013-09-08 14:21:00] EDIT fitness/views/bmr/bmr_calculator.hrml: 12
[2013-09-08 14:21:07] EDIT fitness/views/bmr/bmr_calculator.hrml: 0
[2013-09-08 14:21:18] EDIT fitness/controllers/bmr.py: 0
[2013-09-08 14:22:27] EDIT fitness/controllers/bmr.py: 0
[2013-09-08 14:22:48] EDIT fitness/controllers/bmr.py: 0
[2013-09-08 14:23:23] EDIT fitness/controllers/bmr.py: 0
[2013-09-08 14:24:22] EDIT fitness/controllers/bmr.py: 0
[2013-09-08 14:24:51] EDIT fitness/controllers/bmr.py: 1
[2013-09-08 14:25:20] EDIT fitness/controllers/bmr.py: 0
[2013-09-08 14:25:26] EDIT fitness/controllers/bmr.py: 0
[2013-09-08 14:25:53] EDIT fitness/controllers/bmr.py: 1
[2013-09-08 14:25:56] EDIT fitness/controllers/bmr.py: 0
[2013-09-08 14:33:41] EDIT fitness/views/bmr/bmr_calculator.hrml: 0
[2013-09-08 14:37:44] EDIT fitness/controllers/bmr.py: 0
[2013-09-08 14:37:53] EDIT fitness/controllers/bmr.py: 0
[2013-09-08 14:43:45] EDIT fitness/controllers/bmr.py: 0
[2013-09-08 14:44:51] EDIT fitness/controllers/bmr.py: -1
[2013-09-08 14:45:20] EDIT fitness/controllers/bmr.py: 0
[2013-09-08 14:47:39] EDIT fitness/controllers/bmr.py: 0
[2013-09-08 14:48:20] EDIT fitness/controllers/bmr.py: 0
[2013-09-08 14:48:46] EDIT fitness/controllers/bmr.py: 0
[2013-09-08 14:48:50] EDIT fitness/controllers/bmr.py: 0
[2013-09-08 14:49:08] EDIT fitness/controllers/bmr.py: 0
[2013-09-08 14:49:10] EDIT fitness/controllers/bmr.py: 0
[2013-09-08 14:49:41] EDIT fitness/controllers/bmr.py: 0
[2013-09-08 15:25:09] EDIT fitness/views/bmr/bmr_calculator.hrml: 0
[2013-09-08 15:25:09] EDIT fitness/views/bmr/bmr_calculator.hrml: 0
[2013-09-08 15:25:10] EDIT fitness/views/bmr/bmr_calculator.hrml: 0
[2013-09-08 15:25:10] EDIT fitness/views/bmr/bmr_calculator.hrml: 0
[2013-09-08 15:25:10] EDIT fitness/views/bmr/bmr_calculator.hrml: 0
[2013-09-08 15:25:10] EDIT fitness/views/bmr/bmr_calculator.hrml: 0
[2013-09-08 15:25:11] EDIT fitness/views/bmr/bmr_calculator.hrml: 0
[2013-09-08 15:25:11] EDIT fitness/views/bmr/bmr_calculator.hrml: 0
[2013-09-08 15:25:11] EDIT fitness/views/bmr/bmr_calculator.hrml: 0
[2013-09-08 15:31:37] EDIT fitness/controllers/bmr.py: 0
[2013-09-08 15:32:26] EDIT fitness/controllers/bmr.py: 0
[2013-09-08 15:33:36] EDIT fitness/controllers/bmr.py: 0
[2013-09-08 15:34:33] EDIT fitness/controllers/bmr.py: 0
[2013-09-08 15:46:23] CREATE bmr/bmr_calculator.html: 0
[2013-09-08 15:46:35] EDIT fitness/views/bmr/bmr_calculator.html: 9
[2013-09-08 15:46:40] EDIT fitness/views/bmr/bmr_calculator.html: 0
[2013-09-08 15:47:09] DELETE fitness/views/bmr/bmr_calculator.hrml: -12
[2013-09-08 15:51:11] EDIT fitness/controllers/bmr.py: 0
[2013-09-08 15:51:45] EDIT fitness/controllers/bmr.py: 0
[2013-09-08 15:51:46] EDIT fitness/controllers/bmr.py: 0
[2013-09-08 15:52:29] EDIT fitness/controllers/bmr.py: 0
[2013-09-08 15:52:42] EDIT fitness/controllers/bmr.py: 0
[2013-09-08 15:52:42] EDIT fitness/controllers/bmr.py: 0
[2013-09-08 15:52:42] EDIT fitness/controllers/bmr.py: 0
[2013-09-08 15:53:12] EDIT fitness/models/function_calculators.py: 0
[2013-09-08 15:53:40] EDIT fitness/models/function_calculators.py: 0
[2013-09-08 15:53:43] EDIT fitness/models/function_calculators.py: 0
[2013-09-08 15:55:46] EDIT fitness/models/function_calculators.py: 0
[2013-09-08 16:01:29] EDIT fitness/models/function_calculators.py: 0
[2013-09-08 16:01:30] EDIT fitness/models/function_calculators.py: 0
[2013-09-08 16:01:31] EDIT fitness/models/function_calculators.py: 0
[2013-09-08 16:03:46] EDIT fitness/controllers/bmr.py: 0
[2013-09-08 16:03:47] EDIT fitness/controllers/bmr.py: 0
[2013-09-08 16:03:47] EDIT fitness/controllers/bmr.py: 0
[2013-09-08 16:03:48] EDIT fitness/controllers/bmr.py: 0
[2013-09-08 16:03:48] EDIT fitness/controllers/bmr.py: 0
[2013-09-08 16:04:53] EDIT fitness/models/function_calculators.py: 1
[2013-09-08 16:04:53] EDIT fitness/models/function_calculators.py: 0
[2013-09-08 16:04:54] EDIT fitness/models/function_calculators.py: 0
[2013-09-08 16:04:54] EDIT fitness/models/function_calculators.py: 0
[2013-09-08 16:04:55] EDIT fitness/models/function_calculators.py: 0
[2013-09-08 16:04:55] EDIT fitness/models/function_calculators.py: 0
[2013-09-08 16:04:55] EDIT fitness/models/function_calculators.py: 0
[2013-09-08 16:05:04] EDIT fitness/models/function_calculators.py: 0
[2013-09-08 16:05:05] EDIT fitness/models/function_calculators.py: 0
[2013-09-08 16:05:05] EDIT fitness/models/function_calculators.py: 0
[2013-09-08 16:05:05] EDIT fitness/models/function_calculators.py: 0
[2013-09-08 16:06:23] EDIT fitness/models/function_calculators.py: 0
[2013-09-08 16:06:24] EDIT fitness/models/function_calculators.py: 0
[2013-09-08 16:08:46] EDIT fitness/controllers/bmr.py: 0
[2013-09-08 16:08:54] EDIT fitness/controllers/bmr.py: 0
[2013-09-08 16:10:08] EDIT fitness/controllers/bmr.py: 0
[2013-09-08 16:10:09] EDIT fitness/controllers/bmr.py: 0
[2013-09-08 16:10:55] EDIT fitness/controllers/bmr.py: 0
[2013-09-08 16:11:31] EDIT fitness/controllers/bmr.py: 0
[2013-09-08 16:12:20] EDIT fitness/controllers/bmi.py: 0
[2013-09-08 16:12:40] EDIT fitness/controllers/bmi.py: 0
[2013-09-08 16:12:52] EDIT fitness/controllers/bmr.py: 0
[2013-09-08 16:12:53] EDIT fitness/controllers/bmr.py: 0
[2013-09-08 16:19:37] EDIT fitness/controllers/bmi.py: 0
[2013-09-08 16:19:38] EDIT fitness/controllers/bmi.py: 0
[2013-09-08 16:19:38] EDIT fitness/controllers/bmi.py: 0
[2013-09-08 16:20:21] EDIT fitness/controllers/bmi.py: 0
[2013-09-08 16:20:22] EDIT fitness/controllers/bmi.py: 0
[2013-09-08 16:20:25] EDIT fitness/controllers/bmi.py: 0
[2013-09-08 16:20:25] EDIT fitness/controllers/bmi.py: 0
[2013-09-08 16:20:26] EDIT fitness/controllers/bmi.py: 0
[2013-09-08 16:20:26] EDIT fitness/controllers/bmi.py: 0
[2013-09-08 16:20:26] EDIT fitness/controllers/bmi.py: 0
[2013-09-08 16:21:21] EDIT fitness/controllers/bmi.py: 0
[2013-09-08 16:21:26] EDIT fitness/controllers/bmi.py: 0
[2013-09-08 16:21:27] EDIT fitness/controllers/bmi.py: 0
[2013-09-08 16:21:39] EDIT fitness/controllers/bmr.py: 0
[2013-09-08 16:21:40] EDIT fitness/controllers/bmr.py: 0
[2013-09-08 16:26:03] EDIT fitness/controllers/bmi.py: 0
[2013-09-08 16:26:04] EDIT fitness/controllers/bmi.py: 0
[2013-09-08 16:26:05] EDIT fitness/controllers/bmi.py: 0
[2013-09-08 16:26:05] EDIT fitness/controllers/bmi.py: 0
[2013-09-08 16:26:05] EDIT fitness/controllers/bmi.py: 0
[2013-09-08 16:27:37] EDIT fitness/controllers/bmi.py: -1
[2013-09-08 16:29:07] EDIT fitness/controllers/bmi.py: 0
[2013-09-08 16:29:17] EDIT fitness/controllers/bmi.py: 0
[2013-09-08 16:29:18] EDIT fitness/controllers/bmi.py: 0
[2013-09-08 16:29:18] EDIT fitness/controllers/bmi.py: 0
[2013-09-08 16:29:38] EDIT fitness/controllers/bmr.py: 0
[2013-09-08 16:29:38] EDIT fitness/controllers/bmr.py: 0
[2013-09-08 16:29:38] EDIT fitness/controllers/bmr.py: 0
[2013-09-08 16:29:39] EDIT fitness/controllers/bmr.py: 0
[2013-09-08 16:30:26] EDIT fitness/controllers/bmi.py: 0
[2013-09-08 16:33:05] EDIT fitness/controllers/bmr.py: 0
[2013-09-08 16:33:06] EDIT fitness/controllers/bmr.py: 0
[2013-09-08 16:35:01] EDIT fitness/views/bmr/bmr_calculator.html: 1
[2013-09-08 16:36:20] EDIT fitness/views/bmr/bmr_calculator.html: 0
[2013-09-08 16:36:21] EDIT fitness/views/bmr/bmr_calculator.html: 0
[2013-09-08 16:37:31] EDIT fitness/controllers/bmi.py: 0
[2013-09-08 16:38:09] EDIT fitness/controllers/bmr.py: 0
[2013-09-08 16:38:10] EDIT fitness/controllers/bmr.py: 0
[2013-09-08 16:38:56] EDIT fitness/controllers/bmr.py: 0
[2013-09-08 16:38:57] EDIT fitness/controllers/bmr.py: 0
[2013-09-08 16:38:58] EDIT fitness/controllers/bmr.py: 0
[2013-09-08 16:40:46] EDIT fitness/views/bmr/bmr_calculator.html: 0
[2013-09-08 16:40:46] EDIT fitness/views/bmr/bmr_calculator.html: 0
[2013-09-08 16:51:11] EDIT fitness/controllers/bmr.py: 0
[2013-09-08 16:51:12] EDIT fitness/controllers/bmr.py: 0
[2013-09-08 16:51:34] EDIT fitness/controllers/bmr.py: -2
[2013-09-08 16:52:26] EDIT fitness/controllers/bmr.py: 3
[2013-09-08 16:52:28] EDIT fitness/controllers/bmr.py: 0
[2013-09-08 16:55:48] EDIT fitness/views/bmi/bmi_calculator.html: 32
[2013-09-08 17:04:07] EDIT fitness/views/bmi/bmi_calculator.html: -1
[2013-09-08 17:04:08] EDIT fitness/views/bmi/bmi_calculator.html: 0
[2013-09-08 17:06:33] EDIT fitness/views/bmi/bmi_calculator.html: 0
[2013-09-08 17:06:34] EDIT fitness/views/bmi/bmi_calculator.html: 0
[2013-09-08 17:06:34] EDIT fitness/views/bmi/bmi_calculator.html: 0
[2013-09-08 17:06:34] EDIT fitness/views/bmi/bmi_calculator.html: 0
[2013-09-08 17:06:35] EDIT fitness/views/bmi/bmi_calculator.html: 0
[2013-09-08 17:06:35] EDIT fitness/views/bmi/bmi_calculator.html: 0
[2013-09-08 17:06:41] EDIT fitness/views/bmi/bmi_calculator.html: 0
[2013-09-08 17:10:52] EDIT fitness/views/bmi/bmi_calculator.html: 0
[2013-09-08 17:10:55] EDIT fitness/views/bmi/bmi_calculator.html: 0
[2013-09-08 17:10:56] EDIT fitness/views/bmi/bmi_calculator.html: 0
[2013-09-08 17:10:56] EDIT fitness/views/bmi/bmi_calculator.html: 0
[2013-09-08 17:11:10] EDIT fitness/views/bmi/bmi_calculator.html: 0
[2013-09-08 17:11:12] EDIT fitness/views/bmi/bmi_calculator.html: 0
[2013-09-08 17:11:12] EDIT fitness/views/bmi/bmi_calculator.html: 0
[2013-09-08 17:11:13] EDIT fitness/views/bmi/bmi_calculator.html: 0
[2013-09-08 17:11:13] EDIT fitness/views/bmi/bmi_calculator.html: 0
[2013-09-08 17:12:01] EDIT fitness/views/bmi/bmi_calculator.html: 0
[2013-09-08 17:12:01] EDIT fitness/views/bmi/bmi_calculator.html: 0
[2013-09-08 17:12:01] EDIT fitness/views/bmi/bmi_calculator.html: 0
[2013-09-08 17:12:02] EDIT fitness/views/bmi/bmi_calculator.html: 0
[2013-09-08 17:12:02] EDIT fitness/views/bmi/bmi_calculator.html: 0
[2013-09-08 17:14:19] EDIT fitness/views/bmi/bmi_calculator.html: 1
[2013-09-08 17:14:20] EDIT fitness/views/bmi/bmi_calculator.html: 0
[2013-09-08 17:14:20] EDIT fitness/views/bmi/bmi_calculator.html: 0
[2013-09-08 17:14:21] EDIT fitness/views/bmi/bmi_calculator.html: 0
[2013-09-08 17:14:21] EDIT fitness/views/bmi/bmi_calculator.html: 0
[2013-09-08 17:14:21] EDIT fitness/views/bmi/bmi_calculator.html: 0
[2013-09-08 17:14:21] EDIT fitness/views/bmi/bmi_calculator.html: 0
[2013-09-08 17:14:22] EDIT fitness/views/bmi/bmi_calculator.html: 0
[2013-09-08 17:14:22] EDIT fitness/views/bmi/bmi_calculator.html: 0
[2013-09-08 17:14:22] EDIT fitness/views/bmi/bmi_calculator.html: 0
[2013-09-08 17:18:03] EDIT fitness/views/bmi/bmi_calculator.html: 0
[2013-09-08 17:18:03] EDIT fitness/views/bmi/bmi_calculator.html: 0
[2013-09-08 17:18:04] EDIT fitness/views/bmi/bmi_calculator.html: 0
[2013-09-08 17:18:33] EDIT fitness/views/bmi/bmi_calculator.html: 0
[2013-09-08 17:18:33] EDIT fitness/views/bmi/bmi_calculator.html: 0
[2013-09-08 17:18:33] EDIT fitness/views/bmi/bmi_calculator.html: 0
[2013-09-08 17:18:33] EDIT fitness/views/bmi/bmi_calculator.html: 0
[2013-09-08 17:18:34] EDIT fitness/views/bmi/bmi_calculator.html: 0
[2013-09-08 17:18:34] EDIT fitness/views/bmi/bmi_calculator.html: 0
[2013-09-08 17:18:34] EDIT fitness/views/bmi/bmi_calculator.html: 0
[2013-09-08 17:19:01] EDIT fitness/views/bmi/bmi_calculator.html: 0
[2013-09-08 17:19:01] EDIT fitness/views/bmi/bmi_calculator.html: 0
[2013-09-08 17:19:01] EDIT fitness/views/bmi/bmi_calculator.html: 0
[2013-09-08 17:19:01] EDIT fitness/views/bmi/bmi_calculator.html: 0
[2013-09-08 17:19:01] EDIT fitness/views/bmi/bmi_calculator.html: 0
[2013-09-08 17:19:02] EDIT fitness/views/bmi/bmi_calculator.html: 0
[2013-09-08 17:19:02] EDIT fitness/views/bmi/bmi_calculator.html: 0
[2013-09-08 17:19:02] EDIT fitness/views/bmi/bmi_calculator.html: 0
[2013-09-08 17:19:02] EDIT fitness/views/bmi/bmi_calculator.html: 0
[2013-09-08 17:19:02] EDIT fitness/views/bmi/bmi_calculator.html: 0
[2013-09-08 17:19:03] EDIT fitness/views/bmi/bmi_calculator.html: 0
[2013-09-08 17:19:03] EDIT fitness/views/bmi/bmi_calculator.html: 0
[2013-09-08 17:19:03] EDIT fitness/views/bmi/bmi_calculator.html: 0
[2013-09-08 17:19:03] EDIT fitness/views/bmi/bmi_calculator.html: 0
[2013-09-08 17:19:04] EDIT fitness/views/bmi/bmi_calculator.html: 0
[2013-09-08 17:19:04] EDIT fitness/views/bmi/bmi_calculator.html: 0
[2013-09-08 17:20:06] EDIT fitness/views/bmi/bmi_calculator.html: 0
[2013-09-08 17:20:45] EDIT fitness/views/bmi/bmi_calculator.html: 0
[2013-09-08 17:20:55] EDIT fitness/views/bmi/bmi_calculator.html: 0
[2013-09-08 17:20:56] EDIT fitness/views/bmi/bmi_calculator.html: 0
[2013-09-08 17:21:24] EDIT fitness/views/bmi/bmi_calculator.html: 0
[2013-09-08 17:21:25] EDIT fitness/views/bmi/bmi_calculator.html: 0
[2013-09-08 17:21:25] EDIT fitness/views/bmi/bmi_calculator.html: 0
[2013-09-08 17:21:25] EDIT fitness/views/bmi/bmi_calculator.html: 0
[2013-09-08 17:21:26] EDIT fitness/views/bmi/bmi_calculator.html: 0
[2013-09-08 17:21:26] EDIT fitness/views/bmi/bmi_calculator.html: 0
[2013-09-08 17:21:46] EDIT fitness/views/bmi/bmi_calculator.html: 0
[2013-09-08 17:21:47] EDIT fitness/views/bmi/bmi_calculator.html: 0
[2013-09-08 17:21:47] EDIT fitness/views/bmi/bmi_calculator.html: 0
[2013-09-08 17:21:47] EDIT fitness/views/bmi/bmi_calculator.html: 0
[2013-09-08 17:21:47] EDIT fitness/views/bmi/bmi_calculator.html: 0
[2013-09-08 17:22:37] EDIT fitness/views/bmi/bmi_calculator.html: 0
[2013-09-08 17:23:00] EDIT fitness/views/bmi/bmi_calculator.html: 0
[2013-09-08 17:23:01] EDIT fitness/views/bmi/bmi_calculator.html: 0
[2013-09-08 17:23:55] EDIT fitness/views/bmi/bmi_calculator.html: 0
[2013-09-08 17:23:56] EDIT fitness/views/bmi/bmi_calculator.html: 0
[2013-09-08 17:23:56] EDIT fitness/views/bmi/bmi_calculator.html: 0
[2013-09-08 17:23:56] EDIT fitness/views/bmi/bmi_calculator.html: 0
[2013-09-08 17:23:57] EDIT fitness/views/bmi/bmi_calculator.html: 0
[2013-09-08 17:23:57] EDIT fitness/views/bmi/bmi_calculator.html: 0
[2013-09-08 17:23:57] EDIT fitness/views/bmi/bmi_calculator.html: 0
[2013-09-08 17:23:57] EDIT fitness/views/bmi/bmi_calculator.html: 0
[2013-09-08 17:23:58] EDIT fitness/views/bmi/bmi_calculator.html: 0
[2013-09-08 17:23:58] EDIT fitness/views/bmi/bmi_calculator.html: 0
[2013-09-08 17:23:58] EDIT fitness/views/bmi/bmi_calculator.html: 0
[2013-09-08 17:23:58] EDIT fitness/views/bmi/bmi_calculator.html: 0
[2013-09-08 17:23:58] EDIT fitness/views/bmi/bmi_calculator.html: 0
[2013-09-08 17:24:26] EDIT fitness/views/bmi/bmi_calculator.html: 0
[2013-09-08 17:24:26] EDIT fitness/views/bmi/bmi_calculator.html: 0
[2013-09-08 17:24:26] EDIT fitness/views/bmi/bmi_calculator.html: 0
[2013-09-08 17:24:26] EDIT fitness/views/bmi/bmi_calculator.html: 0
[2013-09-08 17:25:25] EDIT fitness/views/bmi/bmi_calculator.html: 0
[2013-09-08 17:25:26] EDIT fitness/views/bmi/bmi_calculator.html: 0
[2013-09-08 17:25:26] EDIT fitness/views/bmi/bmi_calculator.html: 0
[2013-09-08 17:26:48] EDIT fitness/views/bmi/bmi_calculator.html: 0
[2013-09-08 17:26:48] EDIT fitness/views/bmi/bmi_calculator.html: 0
[2013-09-08 17:26:48] EDIT fitness/views/bmi/bmi_calculator.html: 0
[2013-09-08 17:26:48] EDIT fitness/views/bmi/bmi_calculator.html: 0
[2013-09-08 17:26:49] EDIT fitness/views/bmi/bmi_calculator.html: 0
[2013-09-08 17:27:02] EDIT fitness/views/bmi/bmi_calculator.html: 0
[2013-09-08 17:27:03] EDIT fitness/views/bmi/bmi_calculator.html: 0
[2013-09-08 17:27:03] EDIT fitness/views/bmi/bmi_calculator.html: 0
[2013-09-08 17:27:45] EDIT fitness/views/bmi/bmi_calculator.html: 0
[2013-09-08 17:27:45] EDIT fitness/views/bmi/bmi_calculator.html: 0
[2013-09-08 17:27:45] EDIT fitness/views/bmi/bmi_calculator.html: 0
[2013-09-08 17:37:57] EDIT fitness/views/bmi/bmi_calculator.html: 8
[2013-09-08 17:37:58] EDIT fitness/views/bmi/bmi_calculator.html: 0
[2013-09-08 17:37:58] EDIT fitness/views/bmi/bmi_calculator.html: 0
[2013-09-08 17:37:58] EDIT fitness/views/bmi/bmi_calculator.html: 0
[2013-09-08 17:37:58] EDIT fitness/views/bmi/bmi_calculator.html: 0
[2013-09-08 17:37:59] EDIT fitness/views/bmi/bmi_calculator.html: 0
[2013-09-08 17:37:59] EDIT fitness/views/bmi/bmi_calculator.html: 0
[2013-09-08 17:37:59] EDIT fitness/views/bmi/bmi_calculator.html: 0
[2013-09-08 17:37:59] EDIT fitness/views/bmi/bmi_calculator.html: 0
[2013-09-08 17:37:59] EDIT fitness/views/bmi/bmi_calculator.html: 0
[2013-09-08 17:38:00] EDIT fitness/views/bmi/bmi_calculator.html: 0
[2013-09-08 17:38:00] EDIT fitness/views/bmi/bmi_calculator.html: 0
[2013-09-08 17:38:00] EDIT fitness/views/bmi/bmi_calculator.html: 0
[2013-09-08 17:38:24] EDIT fitness/views/bmi/bmi_calculator.html: 0
[2013-09-08 17:38:25] EDIT fitness/views/bmi/bmi_calculator.html: 0
[2013-09-08 17:38:25] EDIT fitness/views/bmi/bmi_calculator.html: 0
[2013-09-08 17:38:25] EDIT fitness/views/bmi/bmi_calculator.html: 0
[2013-09-08 17:38:25] EDIT fitness/views/bmi/bmi_calculator.html: 0
[2013-09-08 17:38:25] EDIT fitness/views/bmi/bmi_calculator.html: 0
[2013-09-08 17:38:47] EDIT fitness/views/bmi/bmi_calculator.html: 0
[2013-09-08 17:38:48] EDIT fitness/views/bmi/bmi_calculator.html: 0
[2013-09-08 17:38:48] EDIT fitness/views/bmi/bmi_calculator.html: 0
[2013-09-08 17:39:28] EDIT fitness/views/bmi/bmi_calculator.html: -6
[2013-09-08 17:39:28] EDIT fitness/views/bmi/bmi_calculator.html: 0
[2013-09-08 17:39:28] EDIT fitness/views/bmi/bmi_calculator.html: 0
[2013-09-08 17:40:21] EDIT fitness/views/bmi/bmi_calculator.html: 4
[2013-09-08 17:40:21] EDIT fitness/views/bmi/bmi_calculator.html: 0
[2013-09-08 17:40:22] EDIT fitness/views/bmi/bmi_calculator.html: 0
[2013-09-08 17:40:22] EDIT fitness/views/bmi/bmi_calculator.html: 0
[2013-09-08 17:40:22] EDIT fitness/views/bmi/bmi_calculator.html: 0
[2013-09-08 17:40:22] EDIT fitness/views/bmi/bmi_calculator.html: 0
[2013-09-08 17:40:23] EDIT fitness/views/bmi/bmi_calculator.html: 0
[2013-09-08 17:40:23] EDIT fitness/views/bmi/bmi_calculator.html: 0
[2013-09-08 17:41:45] EDIT fitness/views/bmi/bmi_calculator.html: 1
[2013-09-08 17:41:45] EDIT fitness/views/bmi/bmi_calculator.html: 0
[2013-09-08 17:41:46] EDIT fitness/views/bmi/bmi_calculator.html: 0
[2013-09-08 17:41:46] EDIT fitness/views/bmi/bmi_calculator.html: 0
[2013-09-08 17:41:46] EDIT fitness/views/bmi/bmi_calculator.html: 0
[2013-09-08 17:41:46] EDIT fitness/views/bmi/bmi_calculator.html: 0
[2013-09-08 17:41:46] EDIT fitness/views/bmi/bmi_calculator.html: 0
[2013-09-08 17:41:47] EDIT fitness/views/bmi/bmi_calculator.html: 0
[2013-09-08 17:41:47] EDIT fitness/views/bmi/bmi_calculator.html: 0
[2013-09-08 17:41:47] EDIT fitness/views/bmi/bmi_calculator.html: 0
[2013-09-08 17:41:47] EDIT fitness/views/bmi/bmi_calculator.html: 0
[2013-09-08 17:41:48] EDIT fitness/views/bmi/bmi_calculator.html: 0
[2013-09-08 17:41:48] EDIT fitness/views/bmi/bmi_calculator.html: 0
[2013-09-08 17:41:48] EDIT fitness/views/bmi/bmi_calculator.html: 0
[2013-09-08 17:43:15] EDIT fitness/views/bmi/bmi_calculator.html: 7
[2013-09-08 17:43:16] EDIT fitness/views/bmi/bmi_calculator.html: 0
[2013-09-08 17:43:16] EDIT fitness/views/bmi/bmi_calculator.html: 0
[2013-09-08 17:43:16] EDIT fitness/views/bmi/bmi_calculator.html: 0
[2013-09-08 17:43:16] EDIT fitness/views/bmi/bmi_calculator.html: 0
[2013-09-08 17:45:25] EDIT fitness/views/bmi/bmi_calculator.html: -7
[2013-09-08 17:45:26] EDIT fitness/views/bmi/bmi_calculator.html: 0
[2013-09-08 17:45:26] EDIT fitness/views/bmi/bmi_calculator.html: 0
[2013-09-08 17:45:26] EDIT fitness/views/bmi/bmi_calculator.html: 0
[2013-09-08 17:48:03] EDIT fitness/views/bmi/bmi_calculator.html: 0
[2013-09-08 17:48:04] EDIT fitness/views/bmi/bmi_calculator.html: 0
[2013-09-08 17:48:04] EDIT fitness/views/bmi/bmi_calculator.html: 0
[2013-09-08 17:48:05] EDIT fitness/views/bmi/bmi_calculator.html: 0
[2013-09-08 17:48:09] EDIT fitness/views/bmi/bmi_calculator.html: 0
[2013-09-08 17:48:10] EDIT fitness/views/bmi/bmi_calculator.html: 0
[2013-09-08 17:48:10] EDIT fitness/views/bmi/bmi_calculator.html: 0
[2013-09-08 17:49:26] EDIT fitness/views/bmi/bmi_calculator.html: 0
[2013-09-08 17:49:27] EDIT fitness/views/bmi/bmi_calculator.html: 0
[2013-09-08 17:49:27] EDIT fitness/views/bmi/bmi_calculator.html: 0
[2013-09-08 17:50:16] EDIT fitness/views/bmi/bmi_calculator.html: 0
[2013-09-08 17:50:17] EDIT fitness/views/bmi/bmi_calculator.html: 0
[2013-09-08 17:50:17] EDIT fitness/views/bmi/bmi_calculator.html: 0
[2013-09-08 17:50:45] EDIT fitness/views/bmi/bmi_calculator.html: 0
[2013-09-08 17:50:45] EDIT fitness/views/bmi/bmi_calculator.html: 0
[2013-09-08 17:54:12] EDIT fitness/views/bmi/bmi_calculator.html: 5
[2013-09-08 17:54:13] EDIT fitness/views/bmi/bmi_calculator.html: 0
[2013-09-08 17:54:13] EDIT fitness/views/bmi/bmi_calculator.html: 0
[2013-09-08 17:54:13] EDIT fitness/views/bmi/bmi_calculator.html: 0
[2013-09-08 17:54:39] EDIT fitness/views/bmi/bmi_calculator.html: 0
[2013-09-08 17:54:40] EDIT fitness/views/bmi/bmi_calculator.html: 0
[2013-09-08 17:54:40] EDIT fitness/views/bmi/bmi_calculator.html: 0
[2013-09-08 17:54:40] EDIT fitness/views/bmi/bmi_calculator.html: 0
[2013-09-08 18:07:20] EDIT fitness/views/bmi/bmi_calculator.html: -6
[2013-09-08 18:07:21] EDIT fitness/views/bmi/bmi_calculator.html: 0
[2013-09-08 18:07:21] EDIT fitness/views/bmi/bmi_calculator.html: 0
[2013-09-08 18:07:21] EDIT fitness/views/bmi/bmi_calculator.html: 0
[2013-09-08 18:08:16] EDIT fitness/views/bmi/bmi_calculator.html: 0
[2013-09-08 18:08:17] EDIT fitness/views/bmi/bmi_calculator.html: 0
[2013-09-08 18:08:32] EDIT fitness/views/bmi/bmi_calculator.html: 0
[2013-09-08 18:08:33] EDIT fitness/views/bmi/bmi_calculator.html: 0
[2013-09-08 18:11:33] EDIT fitness/views/bmi/bmi_calculator.html: 4
[2013-09-08 18:11:34] EDIT fitness/views/bmi/bmi_calculator.html: 0
[2013-09-08 18:11:34] EDIT fitness/views/bmi/bmi_calculator.html: 0
[2013-09-08 18:11:34] EDIT fitness/views/bmi/bmi_calculator.html: 0
[2013-09-08 18:11:35] EDIT fitness/views/bmi/bmi_calculator.html: 0
[2013-09-08 18:11:35] EDIT fitness/views/bmi/bmi_calculator.html: 0
[2013-09-08 18:11:35] EDIT fitness/views/bmi/bmi_calculator.html: 0
[2013-09-08 18:15:37] EDIT fitness/views/bmi/bmi_calculator.html: 1
[2013-09-08 18:15:37] EDIT fitness/views/bmi/bmi_calculator.html: 0
[2013-09-08 18:15:37] EDIT fitness/views/bmi/bmi_calculator.html: 0
[2013-09-08 18:15:38] EDIT fitness/views/bmi/bmi_calculator.html: 0
[2013-09-08 18:18:00] EDIT fitness/views/bmi/bmi_calculator.html: 2
[2013-09-08 18:18:00] EDIT fitness/views/bmi/bmi_calculator.html: 0
[2013-09-08 18:18:00] EDIT fitness/views/bmi/bmi_calculator.html: 0
[2013-09-08 18:26:00] EDIT fitness/views/bmi/bmi_calculator.html: 8
[2013-09-08 18:26:24] EDIT fitness/views/bmi/bmi_calculator.html: -1
[2013-09-08 18:26:24] EDIT fitness/views/bmi/bmi_calculator.html: 0
[2013-09-08 18:26:24] EDIT fitness/views/bmi/bmi_calculator.html: 0
[2013-09-08 18:26:24] EDIT fitness/views/bmi/bmi_calculator.html: 0
[2013-09-08 18:26:29] EDIT fitness/views/bmi/bmi_calculator.html: 0
[2013-09-08 18:26:29] EDIT fitness/views/bmi/bmi_calculator.html: 0
[2013-09-08 18:26:29] EDIT fitness/views/bmi/bmi_calculator.html: 0
[2013-09-08 18:26:29] EDIT fitness/views/bmi/bmi_calculator.html: 0
[2013-09-08 18:26:29] EDIT fitness/views/bmi/bmi_calculator.html: 0
[2013-09-08 18:26:30] EDIT fitness/views/bmi/bmi_calculator.html: 0
[2013-09-08 18:26:30] EDIT fitness/views/bmi/bmi_calculator.html: 0
[2013-09-08 18:26:30] EDIT fitness/views/bmi/bmi_calculator.html: 0
[2013-09-08 18:26:41] EDIT fitness/views/bmi/bmi_calculator.html: 0
[2013-09-08 18:26:41] EDIT fitness/views/bmi/bmi_calculator.html: 0
[2013-09-08 18:26:41] EDIT fitness/views/bmi/bmi_calculator.html: 0
[2013-09-08 18:28:04] EDIT fitness/views/bmi/bmi_calculator.html: 1
[2013-09-08 18:28:04] EDIT fitness/views/bmi/bmi_calculator.html: 0
[2013-09-08 18:28:04] EDIT fitness/views/bmi/bmi_calculator.html: 0
[2013-09-08 18:28:05] EDIT fitness/views/bmi/bmi_calculator.html: 0
[2013-09-08 18:28:05] EDIT fitness/views/bmi/bmi_calculator.html: 0
[2013-09-08 18:28:05] EDIT fitness/views/bmi/bmi_calculator.html: 0
[2013-09-08 18:28:05] EDIT fitness/views/bmi/bmi_calculator.html: 0
[2013-09-08 18:28:06] EDIT fitness/views/bmi/bmi_calculator.html: 0
[2013-09-08 18:28:06] EDIT fitness/views/bmi/bmi_calculator.html: 0
[2013-09-08 18:28:06] EDIT fitness/views/bmi/bmi_calculator.html: 0
[2013-09-08 18:28:06] EDIT fitness/views/bmi/bmi_calculator.html: 0
[2013-09-08 18:28:16] EDIT fitness/views/bmi/bmi_calculator.html: 0
[2013-09-08 18:28:17] EDIT fitness/views/bmi/bmi_calculator.html: 0
[2013-09-08 18:29:22] EDIT fitness/views/bmi/bmi_calculator.html: 0
[2013-09-08 18:29:22] EDIT fitness/views/bmi/bmi_calculator.html: 0
[2013-09-08 18:30:44] EDIT fitness/views/bmi/bmi_calculator.html: 0
[2013-09-08 18:30:44] EDIT fitness/views/bmi/bmi_calculator.html: 0
[2013-09-08 18:30:44] EDIT fitness/views/bmi/bmi_calculator.html: 0
[2013-09-08 18:30:45] EDIT fitness/views/bmi/bmi_calculator.html: 0
[2013-09-08 18:30:45] EDIT fitness/views/bmi/bmi_calculator.html: 0
[2013-09-08 18:30:45] EDIT fitness/views/bmi/bmi_calculator.html: 0
[2013-09-08 18:32:01] EDIT fitness/views/bmi/bmi_calculator.html: 0
[2013-09-08 18:32:02] EDIT fitness/views/bmi/bmi_calculator.html: 0
[2013-09-08 18:32:02] EDIT fitness/views/bmi/bmi_calculator.html: 0
[2013-09-08 18:32:02] EDIT fitness/views/bmi/bmi_calculator.html: 0
[2013-09-08 18:33:26] EDIT fitness/views/bmi/bmi_calculator.html: 0
[2013-09-08 18:33:27] EDIT fitness/views/bmi/bmi_calculator.html: 0
[2013-09-08 18:33:27] EDIT fitness/views/bmi/bmi_calculator.html: 0
[2013-09-08 18:33:27] EDIT fitness/views/bmi/bmi_calculator.html: 0
[2013-09-08 18:33:36] EDIT fitness/views/bmi/bmi_calculator.html: 0
[2013-09-08 18:33:36] EDIT fitness/views/bmi/bmi_calculator.html: 0
[2013-09-08 18:33:36] EDIT fitness/views/bmi/bmi_calculator.html: 0
[2013-09-08 18:33:36] EDIT fitness/views/bmi/bmi_calculator.html: 0
[2013-09-08 18:33:36] EDIT fitness/views/bmi/bmi_calculator.html: 0
[2013-09-08 18:33:37] EDIT fitness/views/bmi/bmi_calculator.html: 0
[2013-09-08 18:33:37] EDIT fitness/views/bmi/bmi_calculator.html: 0
[2013-09-08 18:33:37] EDIT fitness/views/bmi/bmi_calculator.html: 0
[2013-09-08 18:34:06] EDIT fitness/views/bmi/bmi_calculator.html: 0
[2013-09-08 18:34:06] EDIT fitness/views/bmi/bmi_calculator.html: 0
[2013-09-08 18:34:06] EDIT fitness/views/bmi/bmi_calculator.html: 0
[2013-09-08 18:34:07] EDIT fitness/views/bmi/bmi_calculator.html: 0
[2013-09-08 18:34:07] EDIT fitness/views/bmi/bmi_calculator.html: 0
[2013-09-08 18:34:07] EDIT fitness/views/bmi/bmi_calculator.html: 0
[2013-09-08 18:34:07] EDIT fitness/views/bmi/bmi_calculator.html: 0
[2013-09-08 18:35:14] EDIT fitness/views/bmi/bmi_calculator.html: 0
[2013-09-08 18:35:14] EDIT fitness/views/bmi/bmi_calculator.html: 0
[2013-09-08 18:35:14] EDIT fitness/views/bmi/bmi_calculator.html: 0
[2013-09-08 18:35:14] EDIT fitness/views/bmi/bmi_calculator.html: 0
[2013-09-08 18:35:14] EDIT fitness/views/bmi/bmi_calculator.html: 0
[2013-09-08 18:35:15] EDIT fitness/views/bmi/bmi_calculator.html: 0
[2013-09-08 18:35:15] EDIT fitness/views/bmi/bmi_calculator.html: 0
[2013-09-08 18:35:15] EDIT fitness/views/bmi/bmi_calculator.html: 0
[2013-09-08 18:35:15] EDIT fitness/views/bmi/bmi_calculator.html: 0
[2013-09-08 18:35:16] EDIT fitness/views/bmi/bmi_calculator.html: 0
[2013-09-08 18:35:16] EDIT fitness/views/bmi/bmi_calculator.html: 0
[2013-09-08 18:35:16] EDIT fitness/views/bmi/bmi_calculator.html: 0
[2013-09-08 18:36:11] EDIT fitness/views/bmi/bmi_calculator.html: 0
[2013-09-08 18:36:11] EDIT fitness/views/bmi/bmi_calculator.html: 0
[2013-09-08 18:36:12] EDIT fitness/views/bmi/bmi_calculator.html: 0
[2013-09-08 18:38:32] EDIT fitness/views/bmi/bmi_calculator.html: 0
[2013-09-08 18:38:33] EDIT fitness/views/bmi/bmi_calculator.html: 0
[2013-09-08 18:38:33] EDIT fitness/views/bmi/bmi_calculator.html: 0
[2013-09-08 18:39:08] EDIT fitness/views/bmi/bmi_calculator.html: 0
[2013-09-08 18:39:08] EDIT fitness/views/bmi/bmi_calculator.html: 0
[2013-09-08 18:39:09] EDIT fitness/views/bmi/bmi_calculator.html: 0
[2013-09-08 18:39:09] EDIT fitness/views/bmi/bmi_calculator.html: 0
[2013-09-08 18:39:09] EDIT fitness/views/bmi/bmi_calculator.html: 0
[2013-09-08 18:39:39] EDIT fitness/views/bmi/bmi_calculator.html: 0
[2013-09-08 18:39:39] EDIT fitness/views/bmi/bmi_calculator.html: 0
[2013-09-08 18:39:39] EDIT fitness/views/bmi/bmi_calculator.html: 0
[2013-09-08 18:40:12] EDIT fitness/views/bmi/bmi_calculator.html: 0
[2013-09-08 18:40:12] EDIT fitness/views/bmi/bmi_calculator.html: 0
[2013-09-08 18:40:22] EDIT fitness/views/bmi/bmi_calculator.html: 0
[2013-09-08 18:40:22] EDIT fitness/views/bmi/bmi_calculator.html: 0
[2013-09-08 18:40:23] EDIT fitness/views/bmi/bmi_calculator.html: 0
[2013-09-08 18:40:23] EDIT fitness/views/bmi/bmi_calculator.html: 0
[2013-09-08 18:40:30] EDIT fitness/views/bmi/bmi_calculator.html: 0
[2013-09-08 18:40:30] EDIT fitness/views/bmi/bmi_calculator.html: 0
[2013-09-08 18:40:52] EDIT fitness/views/bmi/bmi_calculator.html: 0
[2013-09-08 18:40:52] EDIT fitness/views/bmi/bmi_calculator.html: 0
[2013-09-08 18:42:16] EDIT fitness/views/bmi/bmi_calculator.html: 0
[2013-09-08 18:42:16] EDIT fitness/views/bmi/bmi_calculator.html: 0
[2013-09-08 18:42:17] EDIT fitness/views/bmi/bmi_calculator.html: 0
[2013-09-08 18:42:17] EDIT fitness/views/bmi/bmi_calculator.html: 0
[2013-09-08 18:42:17] EDIT fitness/views/bmi/bmi_calculator.html: 0
[2013-09-08 18:44:40] EDIT fitness/views/bmi/bmi_calculator.html: 0
[2013-09-08 18:44:41] EDIT fitness/views/bmi/bmi_calculator.html: 0
[2013-09-08 18:44:41] EDIT fitness/views/bmi/bmi_calculator.html: 0
[2013-09-08 18:44:41] EDIT fitness/views/bmi/bmi_calculator.html: 0
[2013-09-08 18:44:41] EDIT fitness/views/bmi/bmi_calculator.html: 0
[2013-09-08 18:44:42] EDIT fitness/views/bmi/bmi_calculator.html: 0
[2013-09-08 18:44:42] EDIT fitness/views/bmi/bmi_calculator.html: 0
[2013-09-08 18:44:42] EDIT fitness/views/bmi/bmi_calculator.html: 0
[2013-09-08 18:44:43] EDIT fitness/views/bmi/bmi_calculator.html: 0
[2013-09-08 18:44:43] EDIT fitness/views/bmi/bmi_calculator.html: 0
[2013-09-08 18:44:43] EDIT fitness/views/bmi/bmi_calculator.html: 0
[2013-09-08 18:44:43] EDIT fitness/views/bmi/bmi_calculator.html: 0
[2013-09-08 18:44:43] EDIT fitness/views/bmi/bmi_calculator.html: 0
[2013-09-08 18:44:44] EDIT fitness/views/bmi/bmi_calculator.html: 0
[2013-09-08 18:44:44] EDIT fitness/views/bmi/bmi_calculator.html: 0
[2013-09-08 18:44:44] EDIT fitness/views/bmi/bmi_calculator.html: 0
[2013-09-08 18:46:19] EDIT fitness/views/bmi/bmi_calculator.html: 0
[2013-09-08 18:46:19] EDIT fitness/views/bmi/bmi_calculator.html: 0
[2013-09-08 18:46:19] EDIT fitness/views/bmi/bmi_calculator.html: 0
[2013-09-08 18:46:20] EDIT fitness/views/bmi/bmi_calculator.html: 0
[2013-09-08 18:47:01] EDIT fitness/views/bmi/bmi_calculator.html: 0
[2013-09-08 18:47:02] EDIT fitness/views/bmi/bmi_calculator.html: 0
[2013-09-08 18:47:02] EDIT fitness/views/bmi/bmi_calculator.html: 0
[2013-09-08 18:47:03] EDIT fitness/views/bmi/bmi_calculator.html: 0
[2013-09-08 18:47:03] EDIT fitness/views/bmi/bmi_calculator.html: 0
[2013-09-08 18:47:03] EDIT fitness/views/bmi/bmi_calculator.html: 0
[2013-09-08 18:47:03] EDIT fitness/views/bmi/bmi_calculator.html: 0
[2013-09-08 18:47:03] EDIT fitness/views/bmi/bmi_calculator.html: 0
[2013-09-08 18:47:23] EDIT fitness/views/bmi/bmi_calculator.html: 0
[2013-09-08 18:47:23] EDIT fitness/views/bmi/bmi_calculator.html: 0
[2013-09-08 18:47:24] EDIT fitness/views/bmi/bmi_calculator.html: 0
[2013-09-08 18:47:24] EDIT fitness/views/bmi/bmi_calculator.html: 0
[2013-09-08 18:47:24] EDIT fitness/views/bmi/bmi_calculator.html: 0
[2013-09-08 18:47:24] EDIT fitness/views/bmi/bmi_calculator.html: 0
[2013-09-08 18:47:26] EDIT fitness/views/bmi/bmi_calculator.html: 0
[2013-09-08 18:47:26] EDIT fitness/views/bmi/bmi_calculator.html: 0
[2013-09-08 18:47:27] EDIT fitness/views/bmi/bmi_calculator.html: 0
[2013-09-08 18:47:35] EDIT fitness/views/bmi/bmi_calculator.html: 0
[2013-09-08 18:48:33] EDIT fitness/views/bmi/bmi_calculator.html: 0
[2013-09-08 18:48:34] EDIT fitness/views/bmi/bmi_calculator.html: 0
[2013-09-08 18:49:38] EDIT fitness/views/bmi/bmi_calculator.html: 1
[2013-09-08 18:49:38] EDIT fitness/views/bmi/bmi_calculator.html: 0
[2013-09-08 18:49:41] EDIT fitness/views/bmi/bmi_calculator.html: 0
[2013-09-08 18:50:34] EDIT fitness/views/bmi/bmi_calculator.html: 0
[2013-09-08 18:52:05] EDIT fitness/views/bmi/bmi_calculator.html: 0
[2013-09-08 18:53:15] EDIT fitness/views/bmi/bmi_calculator.html: 0
[2013-09-08 18:53:15] EDIT fitness/views/bmi/bmi_calculator.html: 0
[2013-09-08 18:54:06] EDIT fitness/views/bmi/bmi_calculator.html: 0
[2013-09-08 18:54:07] EDIT fitness/views/bmi/bmi_calculator.html: 0
[2013-09-08 18:55:18] EDIT fitness/views/bmi/bmi_calculator.html: 0
[2013-09-08 19:43:03] EDIT fitness/views/bmi/bmi_calculator.html: 0
[2013-09-08 19:51:06] EDIT fitness/views/bmi/bmi_calculator.html: 0
[2013-09-08 19:51:07] EDIT fitness/views/bmi/bmi_calculator.html: 0
[2013-09-08 19:51:08] EDIT fitness/views/bmi/bmi_calculator.html: 0
[2013-09-09 09:27:35] EDIT fitness/views/bmi/bmi_calculator.html: 0
[2013-09-09 09:27:37] EDIT fitness/views/bmi/bmi_calculator.html: 0
[2013-09-09 09:29:50] EDIT fitness/views/bmi/bmi_calculator.html: 0
[2013-09-09 09:29:51] EDIT fitness/views/bmi/bmi_calculator.html: 0
[2013-09-09 09:29:52] EDIT fitness/views/bmi/bmi_calculator.html: 0
[2013-09-09 09:31:52] EDIT fitness/controllers/bmi.py: -1
[2013-09-09 09:31:53] EDIT fitness/controllers/bmi.py: 0
[2013-09-09 09:31:53] EDIT fitness/controllers/bmi.py: 0
[2013-09-09 09:32:23] EDIT fitness/controllers/bmi.py: 0
[2013-09-09 09:32:23] EDIT fitness/controllers/bmi.py: 0
[2013-09-09 09:33:20] EDIT fitness/views/bmi/bmi_calculator.html: 0
[2013-09-09 09:33:21] EDIT fitness/views/bmi/bmi_calculator.html: 0
[2013-09-09 09:33:22] EDIT fitness/views/bmi/bmi_calculator.html: 0
[2013-09-09 09:34:30] EDIT fitness/views/bmi/bmi_calculator.html: 0
[2013-09-09 09:34:52] EDIT fitness/views/bmi/bmi_calculator.html: 0
[2013-09-09 09:34:53] EDIT fitness/views/bmi/bmi_calculator.html: 0
[2013-09-09 09:39:58] EDIT fitness/views/bmr/bmr_calculator.html: 0
[2013-09-09 09:40:05] EDIT fitness/views/bmr/bmr_calculator.html: 0
[2013-09-09 09:42:20] EDIT fitness/views/bmr/bmr_calculator.html: 1
[2013-09-09 09:42:25] EDIT fitness/views/bmr/bmr_calculator.html: -1
[2013-09-09 09:42:26] EDIT fitness/views/bmr/bmr_calculator.html: 0
[2013-09-09 09:43:00] EDIT fitness/controllers/bmr.py: 0
[2013-09-09 09:43:00] EDIT fitness/controllers/bmr.py: 0
[2013-09-09 09:43:42] EDIT fitness/controllers/bmr.py: 0
[2013-09-09 09:43:43] EDIT fitness/controllers/bmr.py: 0
[2013-09-09 09:44:06] EDIT fitness/controllers/bmr.py: 0
[2013-09-09 09:44:07] EDIT fitness/controllers/bmr.py: 0
[2013-09-09 09:45:55] EDIT fitness/controllers/bmr.py: 0
[2013-09-09 09:45:56] EDIT fitness/controllers/bmr.py: 0
[2013-09-09 09:47:03] EDIT fitness/models/function_calculators.py: 0
[2013-09-09 09:47:12] EDIT fitness/models/function_calculators.py: 0
[2013-09-09 09:47:14] EDIT fitness/models/function_calculators.py: 0
[2013-09-09 09:47:16] EDIT fitness/models/function_calculators.py: 0
[2013-09-09 09:49:06] EDIT fitness/controllers/bmr.py: 0
[2013-09-09 09:49:08] EDIT fitness/controllers/bmr.py: 0
[2013-09-09 09:51:31] EDIT fitness/controllers/bmr.py: -1
[2013-09-09 09:51:33] EDIT fitness/controllers/bmr.py: 0
[2013-09-09 09:51:34] EDIT fitness/controllers/bmr.py: 0
[2013-09-09 09:51:57] EDIT fitness/controllers/bmi.py: 1
[2013-09-09 09:51:57] EDIT fitness/controllers/bmi.py: 0
[2013-09-09 09:51:58] EDIT fitness/controllers/bmi.py: 0
[2013-09-09 09:52:08] EDIT fitness/controllers/bmi.py: 0
[2013-09-09 09:52:09] EDIT fitness/controllers/bmi.py: 0
[2013-09-09 09:54:14] EDIT fitness/controllers/bmi.py: -3
[2013-09-09 09:54:15] EDIT fitness/controllers/bmi.py: 0
[2013-09-09 09:54:16] EDIT fitness/controllers/bmi.py: 0
[2013-09-09 09:54:16] EDIT fitness/controllers/bmi.py: 0
[2013-09-09 09:54:16] EDIT fitness/controllers/bmi.py: 0
[2013-09-09 09:55:00] EDIT fitness/controllers/bmr.py: 2
[2013-09-09 09:56:26] EDIT fitness/views/bmr/bmr_calculator.html: 0
[2013-09-09 09:56:28] EDIT fitness/views/bmr/bmr_calculator.html: 0
[2013-09-09 11:55:58] EDIT fitness/controllers/bmr.py: 1
[2013-09-09 11:56:00] EDIT fitness/controllers/bmr.py: 0
[2013-09-09 11:57:44] EDIT fitness/controllers/bmr.py: -1
